<?xml version="1.0" encoding="UTF-8"?>
<testng-results skipped="0" failed="0" ignored="0" total="2" passed="2">
  <reporter-output>
  </reporter-output>
  <suite name="regression " duration-ms="14531" started-at="2022-11-04T13:58:41Z" finished-at="2022-11-04T13:58:56Z">
    <groups>
    </groups>
    <test name="LoginTest" duration-ms="14531" started-at="2022-11-04T13:58:41Z" finished-at="2022-11-04T13:58:56Z">
      <class name="test.AddCustomerTest">
        <test-method status="PASS" signature="userShouldAbleToLogin(java.lang.String, java.lang.String, java.lang.String, java.lang.String, java.lang.String, java.lang.String, java.lang.String, java.lang.String, java.lang.String, java.lang.String, java.lang.String, java.lang.String)[pri:0, instance:test.AddCustomerTest@4678c730]" name="userShouldAbleToLogin" duration-ms="9442" started-at="2022-11-04T13:58:46Z" finished-at="2022-11-04T13:58:56Z">
          <params>
            <param index="0">
              <value>
                <![CDATA[demo@techfios.com]]>
              </value>
            </param>
            <param index="1">
              <value>
                <![CDATA[abc123]]>
              </value>
            </param>
            <param index="2">
              <value>
                <![CDATA[Dashboard]]>
              </value>
            </param>
            <param index="3">
              <value>
                <![CDATA[Soni]]>
              </value>
            </param>
            <param index="4">
              <value>
                <![CDATA[Amazon]]>
              </value>
            </param>
            <param index="5">
              <value>
                <![CDATA[sonisahiba@gmail.com]]>
              </value>
            </param>
            <param index="6">
              <value>
                <![CDATA[5468976]]>
              </value>
            </param>
            <param index="7">
              <value>
                <![CDATA[HiddenRidge]]>
              </value>
            </param>
            <param index="8">
              <value>
                <![CDATA[Irving]]>
              </value>
            </param>
            <param index="9">
              <value>
                <![CDATA[Tx]]>
              </value>
            </param>
            <param index="10">
              <value>
                <![CDATA[64785]]>
              </value>
            </param>
            <param index="11">
              <value>
                <![CDATA[United States]]>
              </value>
            </param>
          </params>
          <reporter-output>
          </reporter-output>
        </test-method> <!-- userShouldAbleToLogin -->
      </class> <!-- test.AddCustomerTest -->
      <class name="test.LoginTest">
        <test-method status="PASS" signature="userShouldAbleToLogin(java.lang.String, java.lang.String, java.lang.String)[pri:0, instance:test.LoginTest@724af044]" name="userShouldAbleToLogin" duration-ms="5052" started-at="2022-11-04T13:58:41Z" finished-at="2022-11-04T13:58:46Z">
          <params>
            <param index="0">
              <value>
                <![CDATA[demo@techfios.com]]>
              </value>
            </param>
            <param index="1">
              <value>
                <![CDATA[abc123]]>
              </value>
            </param>
            <param index="2">
              <value>
                <![CDATA[Dashboard]]>
              </value>
            </param>
          </params>
          <reporter-output>
          </reporter-output>
        </test-method> <!-- userShouldAbleToLogin -->
      </class> <!-- test.LoginTest -->
    </test> <!-- LoginTest -->
  </suite> <!-- regression  -->
</testng-results>
